c:\users\ejsev\desktop\image_processing\build\run_process.dir\debug\vc143.pdb
c:\users\ejsev\desktop\image_processing\build\run_process.dir\debug\process_paths.obj
c:\users\ejsev\desktop\image_processing\build\run_process.dir\debug\main.obj
c:\users\ejsev\desktop\image_processing\build\run_process.dir\debug\image_attributes.obj
c:\users\ejsev\desktop\image_processing\build\cmakefiles\generate.stamp
c:\users\ejsev\desktop\image_processing\build\debug\run_process.exe
c:\users\ejsev\desktop\image_processing\build\debug\run_process.pdb
c:\users\ejsev\desktop\image_processing\build\run_process.dir\debug\run_process.ilk
c:\users\ejsev\desktop\image_processing\build\run_process.dir\debug\process_names.obj
c:\users\ejsev\desktop\image_processing\build\run_process.dir\debug\run_process.tlog\cl.command.1.tlog
c:\users\ejsev\desktop\image_processing\build\run_process.dir\debug\run_process.tlog\cl.items.tlog
c:\users\ejsev\desktop\image_processing\build\run_process.dir\debug\run_process.tlog\cl.read.1.tlog
c:\users\ejsev\desktop\image_processing\build\run_process.dir\debug\run_process.tlog\cl.write.1.tlog
c:\users\ejsev\desktop\image_processing\build\run_process.dir\debug\run_process.tlog\custombuild.command.1.tlog
c:\users\ejsev\desktop\image_processing\build\run_process.dir\debug\run_process.tlog\custombuild.read.1.tlog
c:\users\ejsev\desktop\image_processing\build\run_process.dir\debug\run_process.tlog\custombuild.write.1.tlog
c:\users\ejsev\desktop\image_processing\build\run_process.dir\debug\run_process.tlog\link.command.1.tlog
c:\users\ejsev\desktop\image_processing\build\run_process.dir\debug\run_process.tlog\link.read.1.tlog
c:\users\ejsev\desktop\image_processing\build\run_process.dir\debug\run_process.tlog\link.secondary.1.tlog
c:\users\ejsev\desktop\image_processing\build\run_process.dir\debug\run_process.tlog\link.write.1.tlog
